
> server@1.0.0 start
> node --watch server.js

[dotenv@17.2.3] injecting env (9) from .env -- tip: 👥 sync secrets across teammates & machines: https://dotenvx.com/ops
Server running on port 5000
MongoDB Connected
Restarting 'server.js'
[dotenv@17.2.3] injecting env (9) from .env -- tip: 🔐 prevent committing .env to code: https://dotenvx.com/precommit
[INFO] Attempting to connect to MongoDB...
[INFO] MongoDB URI: mongodb+srv://test***cluster0.gugmfdc.mongodb.net/?appName=Cluster0
Server running on port 5000
Restarting 'server.js'
[dotenv@17.2.3] injecting env (9) from .env -- tip: 🔄 add secrets lifecycle management: https://dotenvx.com/ops
[INFO] Attempting to connect to MongoDB...
[INFO] MongoDB URI: mongodb+srv://test***cluster0.gugmfdc.mongodb.net/?appName=Cluster0
Server running on port 5000
Restarting 'server.js'
[dotenv@17.2.3] injecting env (9) from .env -- tip: 🔐 encrypt with Dotenvx: https://dotenvx.com
[INFO] Attempting to connect to MongoDB...
[INFO] MongoDB URI: mongodb+srv://test***cluster0.gugmfdc.mongodb.net/?appName=Cluster0
Server running on port 5000
